$ ./rmqsmoke rx
2020/08/20 13:29:34 connecting to amqp://rmq:sekrit@localhost:25672/...
2020/08/20 13:29:34 opening comms channel...
2020/08/20 13:29:34 RX: receiving messages from rmq-default via rmq-default...
2020/08/20 13:29:37 --[ rx.START    0   0% ]----------
2020/08/20 13:29:37 batch 0 IN PROGRESS
2020/08/20 13:29:44 --[ rx.COMPLETE 0 100% ]----------
2020/08/20 13:29:44 --[ rx.START    1   0% ]----------
2020/08/20 13:29:44 batch 1 IN PROGRESS
2020/08/20 13:29:52 --[ rx.COMPLETE 1 100% ]----------
2020/08/20 13:29:52 --[ rx.START    2   0% ]----------
2020/08/20 13:29:52 batch 0 ... 1 COMPLETE
2020/08/20 13:29:52 batch 2 IN PROGRESS
2020/08/20 13:30:01 --[ rx.COMPLETE 2 100% ]----------
2020/08/20 13:30:01 --[ rx.START    3   0% ]----------
2020/08/20 13:30:01 batch 0 ... 2 COMPLETE
2020/08/20 13:30:01 batch 3 IN PROGRESS
2020/08/20 13:30:10 --[ rx.COMPLETE 3 100% ]----------
2020/08/20 13:30:10 --[ rx.START    4   0% ]----------
2020/08/20 13:30:10 batch 0 ... 3 COMPLETE
2020/08/20 13:30:10 batch 4 IN PROGRESS
2020/08/20 13:30:22 --[ rx.COMPLETE 4 100% ]----------
2020/08/20 13:30:22 --[ rx.START    5   0% ]----------
2020/08/20 13:30:22 batch 0 ... 4 COMPLETE
2020/08/20 13:30:22 batch 5 IN PROGRESS
2020/08/20 13:30:37 --[ rx.COMPLETE 5 100% ]----------
2020/08/20 13:30:37 --[ rx.START    6   0% ]----------
2020/08/20 13:30:37 batch 0 ... 5 COMPLETE
2020/08/20 13:30:37 batch 6 IN PROGRESS
2020/08/20 13:30:53 --[ rx.COMPLETE 6 100% ]----------
2020/08/20 13:30:53 --[ rx.START    7   0% ]----------
2020/08/20 13:30:53 batch 0 ... 6 COMPLETE
2020/08/20 13:30:53 batch 7 IN PROGRESS
2020/08/20 13:31:04 --[ rx.COMPLETE 7 100% ]----------
2020/08/20 13:31:04 --[ rx.START    8   0% ]----------
2020/08/20 13:31:04 batch 0 ... 7 COMPLETE
2020/08/20 13:31:04 batch 8 IN PROGRESS
2020/08/20 13:31:13 --[ rx.COMPLETE 8 100% ]----------
2020/08/20 13:31:13 --[ rx.START    9   0% ]----------
2020/08/20 13:31:13 batch 0 ... 8 COMPLETE
2020/08/20 13:31:13 batch 9 IN PROGRESS
2020/08/20 13:31:21 --[ rx.COMPLETE 9 100% ]----------
2020/08/20 13:31:21 --[ rx.START    10   0% ]----------
2020/08/20 13:31:21 batch 0 ... 9 COMPLETE
2020/08/20 13:31:21 batch 10 IN PROGRESS
2020/08/20 13:31:29 --[ rx.COMPLETE 10 100% ]----------
2020/08/20 13:31:29 --[ rx.START    11   0% ]----------
2020/08/20 13:31:29 batch 0 ... 10 COMPLETE
2020/08/20 13:31:29 batch 11 IN PROGRESS
2020/08/20 13:31:38 --[ rx.COMPLETE 11 100% ]----------
2020/08/20 13:31:38 --[ rx.START    12   0% ]----------
2020/08/20 13:31:38 batch 0 ... 11 COMPLETE
2020/08/20 13:31:38 batch 12 IN PROGRESS
2020/08/20 13:31:49 --[ rx.COMPLETE 12 100% ]----------
2020/08/20 13:31:49 --[ rx.START    13   0% ]----------
2020/08/20 13:31:49 batch 0 ... 12 COMPLETE
2020/08/20 13:31:49 batch 13 IN PROGRESS
2020/08/20 13:32:03 --[ rx.COMPLETE 13 100% ]----------
2020/08/20 13:32:03 --[ rx.START    14   0% ]----------
2020/08/20 13:32:03 batch 0 ... 13 COMPLETE
2020/08/20 13:32:03 batch 14 IN PROGRESS
2020/08/20 13:32:17 --[ rx.COMPLETE 14 100% ]----------
2020/08/20 13:32:17 --[ rx.START    15   0% ]----------
2020/08/20 13:32:17 batch 0 ... 14 COMPLETE
2020/08/20 13:32:17 batch 15 IN PROGRESS
2020/08/20 13:32:31 --[ rx.COMPLETE 15 100% ]----------
2020/08/20 13:32:31 --[ rx.START    16   0% ]----------
2020/08/20 13:32:31 batch 0 ... 15 COMPLETE
2020/08/20 13:32:31 batch 16 IN PROGRESS
2020/08/20 13:32:44 --[ rx.COMPLETE 16 100% ]----------
2020/08/20 13:32:44 --[ rx.START    17   0% ]----------
2020/08/20 13:32:44 batch 0 ... 16 COMPLETE
2020/08/20 13:32:44 batch 17 IN PROGRESS
2020/08/20 13:32:55 --[ rx.COMPLETE 17 100% ]----------
2020/08/20 13:32:55 --[ rx.START    18   0% ]----------
2020/08/20 13:32:55 batch 0 ... 17 COMPLETE
2020/08/20 13:32:55 batch 18 IN PROGRESS
2020/08/20 13:33:04 --[ rx.COMPLETE 18 100% ]----------
2020/08/20 13:33:04 --[ rx.START    19   0% ]----------
2020/08/20 13:33:04 batch 0 ... 18 COMPLETE
2020/08/20 13:33:04 batch 19 IN PROGRESS
2020/08/20 13:33:10 =========[ the story so far... ]=============
2020/08/20 13:33:10 batch 0 ... 18 COMPLETE
2020/08/20 13:33:10 batch 19 IN PROGRESS
2020/08/20 13:33:10 connecting to amqp://rmq:sekrit@localhost:25672/...
2020/08/20 13:33:10 opening comms channel...
2020/08/20 13:33:10 RX: receiving messages from rmq-default via rmq-default...
2020/08/20 13:33:12 --[ rx.COMPLETE 19 100% ]----------
2020/08/20 13:33:12 --[ rx.START    20   0% ]----------
2020/08/20 13:33:12 batch 0 ... 19 COMPLETE
2020/08/20 13:33:12 batch 20 IN PROGRESS
2020/08/20 13:33:21 --[ rx.COMPLETE 20 100% ]----------
2020/08/20 13:33:21 --[ rx.START    21   0% ]----------
2020/08/20 13:33:21 batch 0 ... 20 COMPLETE
2020/08/20 13:33:21 batch 21 IN PROGRESS
2020/08/20 13:33:35 --[ rx.COMPLETE 21 100% ]----------
2020/08/20 13:33:35 --[ rx.START    22   0% ]----------
2020/08/20 13:33:35 batch 0 ... 21 COMPLETE
2020/08/20 13:33:35 batch 22 IN PROGRESS
2020/08/20 13:33:48 --[ rx.COMPLETE 22 100% ]----------
2020/08/20 13:33:48 --[ rx.START    23   0% ]----------
2020/08/20 13:33:48 batch 0 ... 22 COMPLETE
2020/08/20 13:33:48 batch 23 IN PROGRESS
2020/08/20 13:34:02 --[ rx.COMPLETE 23 100% ]----------
2020/08/20 13:34:02 --[ rx.START    24   0% ]----------
2020/08/20 13:34:02 batch 0 ... 23 COMPLETE
2020/08/20 13:34:02 batch 24 IN PROGRESS
2020/08/20 13:34:11 --[ rx.COMPLETE 24 100% ]----------
2020/08/20 13:34:11 --[ rx.START    25   0% ]----------
2020/08/20 13:34:11 batch 0 ... 24 COMPLETE
2020/08/20 13:34:11 batch 25 IN PROGRESS
2020/08/20 13:34:20 --[ rx.COMPLETE 25 100% ]----------
2020/08/20 13:34:20 --[ rx.START    26   0% ]----------
2020/08/20 13:34:20 batch 0 ... 25 COMPLETE
2020/08/20 13:34:20 batch 26 IN PROGRESS
2020/08/20 13:34:28 --[ rx.COMPLETE 26 100% ]----------
2020/08/20 13:34:28 --[ rx.START    27   0% ]----------
2020/08/20 13:34:28 batch 0 ... 26 COMPLETE
2020/08/20 13:34:28 batch 27 IN PROGRESS
2020/08/20 13:34:36 --[ rx.COMPLETE 27 100% ]----------
2020/08/20 13:34:36 --[ rx.START    28   0% ]----------
2020/08/20 13:34:36 batch 0 ... 27 COMPLETE
2020/08/20 13:34:36 batch 28 IN PROGRESS
2020/08/20 13:34:45 --[ rx.COMPLETE 28 100% ]----------
2020/08/20 13:34:45 --[ rx.START    29   0% ]----------
2020/08/20 13:34:45 batch 0 ... 28 COMPLETE
2020/08/20 13:34:45 batch 29 IN PROGRESS
2020/08/20 13:34:53 --[ rx.COMPLETE 29 100% ]----------
2020/08/20 13:34:53 --[ rx.START    30   0% ]----------
2020/08/20 13:34:53 batch 0 ... 29 COMPLETE
2020/08/20 13:34:53 batch 30 IN PROGRESS
2020/08/20 13:35:01 --[ rx.COMPLETE 30 100% ]----------
2020/08/20 13:35:01 --[ rx.START    31   0% ]----------
2020/08/20 13:35:01 batch 0 ... 30 COMPLETE
2020/08/20 13:35:01 batch 31 IN PROGRESS
2020/08/20 13:35:09 --[ rx.COMPLETE 31 100% ]----------
2020/08/20 13:35:09 --[ rx.START    32   0% ]----------
2020/08/20 13:35:09 batch 0 ... 31 COMPLETE
2020/08/20 13:35:09 batch 32 IN PROGRESS
2020/08/20 13:35:17 --[ rx.COMPLETE 32 100% ]----------
2020/08/20 13:35:17 --[ rx.START    33   0% ]----------
2020/08/20 13:35:17 batch 0 ... 32 COMPLETE
2020/08/20 13:35:17 batch 33 IN PROGRESS
2020/08/20 13:35:25 --[ rx.COMPLETE 33 100% ]----------
2020/08/20 13:35:25 --[ rx.START    34   0% ]----------
2020/08/20 13:35:25 batch 0 ... 33 COMPLETE
2020/08/20 13:35:25 batch 34 IN PROGRESS
2020/08/20 13:35:32 --[ rx.COMPLETE 34 100% ]----------
2020/08/20 13:35:32 --[ rx.START    35   0% ]----------
2020/08/20 13:35:32 batch 0 ... 34 COMPLETE
2020/08/20 13:35:32 batch 35 IN PROGRESS
2020/08/20 13:35:40 --[ rx.COMPLETE 35 100% ]----------
2020/08/20 13:35:40 --[ rx.START    36   0% ]----------
2020/08/20 13:35:40 batch 0 ... 35 COMPLETE
2020/08/20 13:35:40 batch 36 IN PROGRESS
2020/08/20 13:35:47 --[ rx.COMPLETE 36 100% ]----------
2020/08/20 13:35:47 --[ rx.START    37   0% ]----------
2020/08/20 13:35:47 batch 0 ... 36 COMPLETE
2020/08/20 13:35:47 batch 37 IN PROGRESS
2020/08/20 13:35:55 --[ rx.COMPLETE 37 100% ]----------
2020/08/20 13:35:55 --[ rx.START    38   0% ]----------
2020/08/20 13:35:55 batch 0 ... 37 COMPLETE
2020/08/20 13:35:55 batch 38 IN PROGRESS
2020/08/20 13:36:04 --[ rx.COMPLETE 38 100% ]----------
2020/08/20 13:36:04 --[ rx.START    39   0% ]----------
2020/08/20 13:36:04 batch 0 ... 38 COMPLETE
2020/08/20 13:36:04 batch 39 IN PROGRESS
2020/08/20 13:36:11 --[ rx.COMPLETE 39 100% ]----------
2020/08/20 13:36:11 --[ rx.START    40   0% ]----------
2020/08/20 13:36:11 batch 0 ... 39 COMPLETE
2020/08/20 13:36:11 batch 40 IN PROGRESS
2020/08/20 13:36:19 --[ rx.COMPLETE 40 100% ]----------
2020/08/20 13:36:19 --[ rx.START    41   0% ]----------
2020/08/20 13:36:19 batch 0 ... 40 COMPLETE
2020/08/20 13:36:19 batch 41 IN PROGRESS
2020/08/20 13:36:26 --[ rx.COMPLETE 41 100% ]----------
2020/08/20 13:36:27 --[ rx.START    42   0% ]----------
2020/08/20 13:36:27 batch 0 ... 41 COMPLETE
2020/08/20 13:36:27 batch 42 IN PROGRESS
2020/08/20 13:36:35 --[ rx.COMPLETE 42 100% ]----------
2020/08/20 13:36:35 --[ rx.START    43   0% ]----------
2020/08/20 13:36:35 batch 0 ... 42 COMPLETE
2020/08/20 13:36:35 batch 43 IN PROGRESS
2020/08/20 13:36:43 --[ rx.COMPLETE 43 100% ]----------
2020/08/20 13:36:43 --[ rx.START    44   0% ]----------
2020/08/20 13:36:43 batch 0 ... 43 COMPLETE
2020/08/20 13:36:43 batch 44 IN PROGRESS
2020/08/20 13:36:51 --[ rx.COMPLETE 44 100% ]----------
2020/08/20 13:36:51 --[ rx.START    45   0% ]----------
2020/08/20 13:36:51 batch 0 ... 44 COMPLETE
2020/08/20 13:36:51 batch 45 IN PROGRESS
2020/08/20 13:37:00 --[ rx.COMPLETE 45 100% ]----------
2020/08/20 13:37:00 --[ rx.START    46   0% ]----------
2020/08/20 13:37:00 batch 0 ... 45 COMPLETE
2020/08/20 13:37:00 batch 46 IN PROGRESS
2020/08/20 13:37:08 --[ rx.COMPLETE 46 100% ]----------
2020/08/20 13:37:08 --[ rx.START    47   0% ]----------
2020/08/20 13:37:08 batch 0 ... 46 COMPLETE
2020/08/20 13:37:08 batch 47 IN PROGRESS
2020/08/20 13:37:15 --[ rx.COMPLETE 47 100% ]----------
2020/08/20 13:37:15 --[ rx.START    48   0% ]----------
2020/08/20 13:37:15 batch 0 ... 47 COMPLETE
2020/08/20 13:37:15 batch 48 IN PROGRESS
2020/08/20 13:37:24 --[ rx.COMPLETE 48 100% ]----------
2020/08/20 13:37:24 --[ rx.START    49   0% ]----------
2020/08/20 13:37:24 batch 0 ... 48 COMPLETE
2020/08/20 13:37:24 batch 49 IN PROGRESS
2020/08/20 13:37:37 --[ rx.COMPLETE 49 100% ]----------
2020/08/20 13:37:37 --[ rx.START    50   0% ]----------
2020/08/20 13:37:37 batch 0 ... 49 COMPLETE
2020/08/20 13:37:37 batch 50 IN PROGRESS
2020/08/20 13:37:50 --[ rx.COMPLETE 50 100% ]----------
2020/08/20 13:37:50 --[ rx.START    51   0% ]----------
2020/08/20 13:37:50 batch 0 ... 50 COMPLETE
2020/08/20 13:37:50 batch 51 IN PROGRESS
2020/08/20 13:38:07 --[ rx.COMPLETE 51 100% ]----------
2020/08/20 13:38:07 --[ rx.START    52   0% ]----------
2020/08/20 13:38:07 batch 0 ... 51 COMPLETE
2020/08/20 13:38:07 batch 52 IN PROGRESS
2020/08/20 13:38:22 --[ rx.COMPLETE 52 100% ]----------
2020/08/20 13:38:22 --[ rx.START    53   0% ]----------
2020/08/20 13:38:22 batch 0 ... 52 COMPLETE
2020/08/20 13:38:22 batch 53 IN PROGRESS
2020/08/20 13:38:38 --[ rx.COMPLETE 53 100% ]----------
2020/08/20 13:38:38 --[ rx.START    54   0% ]----------
2020/08/20 13:38:38 batch 0 ... 53 COMPLETE
2020/08/20 13:38:38 batch 54 IN PROGRESS
2020/08/20 13:38:51 --[ rx.COMPLETE 54 100% ]----------
2020/08/20 13:38:51 --[ rx.START    55   0% ]----------
2020/08/20 13:38:51 batch 0 ... 54 COMPLETE
2020/08/20 13:38:51 batch 55 IN PROGRESS
2020/08/20 13:39:02 --[ rx.COMPLETE 55 100% ]----------
2020/08/20 13:39:02 --[ rx.START    56   0% ]----------
2020/08/20 13:39:02 batch 0 ... 55 COMPLETE
2020/08/20 13:39:02 batch 56 IN PROGRESS
2020/08/20 13:39:14 --[ rx.COMPLETE 56 100% ]----------
2020/08/20 13:39:14 --[ rx.START    57   0% ]----------
2020/08/20 13:39:14 batch 0 ... 56 COMPLETE
2020/08/20 13:39:14 batch 57 IN PROGRESS
2020/08/20 13:39:25 --[ rx.COMPLETE 57 100% ]----------
2020/08/20 13:39:26 --[ rx.START    58   0% ]----------
2020/08/20 13:39:26 batch 0 ... 57 COMPLETE
2020/08/20 13:39:26 batch 58 IN PROGRESS
2020/08/20 13:39:41 --[ rx.COMPLETE 58 100% ]----------
2020/08/20 13:39:41 --[ rx.START    59   0% ]----------
2020/08/20 13:39:41 batch 0 ... 58 COMPLETE
2020/08/20 13:39:41 batch 59 IN PROGRESS
2020/08/20 13:39:56 --[ rx.COMPLETE 59 100% ]----------
2020/08/20 13:39:56 --[ rx.START    60   0% ]----------
2020/08/20 13:39:56 batch 0 ... 59 COMPLETE
2020/08/20 13:39:56 batch 60 IN PROGRESS
2020/08/20 13:40:11 --[ rx.COMPLETE 60 100% ]----------
2020/08/20 13:40:11 --[ rx.START    61   0% ]----------
2020/08/20 13:40:11 batch 0 ... 60 COMPLETE
2020/08/20 13:40:11 batch 61 IN PROGRESS
2020/08/20 13:40:21 --[ rx.COMPLETE 61 100% ]----------
2020/08/20 13:40:21 --[ rx.START    62   0% ]----------
2020/08/20 13:40:21 batch 0 ... 61 COMPLETE
2020/08/20 13:40:21 batch 62 IN PROGRESS
2020/08/20 13:40:27 =========[ the story so far... ]=============
2020/08/20 13:40:27 batch 0 ... 61 COMPLETE
2020/08/20 13:40:27 batch 62 IN PROGRESS
2020/08/20 13:40:27 connecting to amqp://rmq:sekrit@localhost:25672/...
2020/08/20 13:40:27 opening comms channel...
2020/08/20 13:40:27 RX: receiving messages from rmq-default via rmq-default...
2020/08/20 13:40:32 --[ rx.COMPLETE 62 100% ]----------
2020/08/20 13:40:32 --[ rx.START    63   0% ]----------
2020/08/20 13:40:32 batch 0 ... 62 COMPLETE
2020/08/20 13:40:32 batch 63 IN PROGRESS
2020/08/20 13:40:43 --[ rx.COMPLETE 63 100% ]----------
2020/08/20 13:40:43 --[ rx.START    64   0% ]----------
2020/08/20 13:40:43 batch 0 ... 63 COMPLETE
2020/08/20 13:40:43 batch 64 IN PROGRESS
2020/08/20 13:40:54 --[ rx.COMPLETE 64 100% ]----------
2020/08/20 13:40:54 --[ rx.START    65   0% ]----------
2020/08/20 13:40:54 batch 0 ... 64 COMPLETE
2020/08/20 13:40:54 batch 65 IN PROGRESS
2020/08/20 13:41:10 --[ rx.COMPLETE 65 100% ]----------
2020/08/20 13:41:10 --[ rx.START    66   0% ]----------
2020/08/20 13:41:10 batch 0 ... 65 COMPLETE
2020/08/20 13:41:10 batch 66 IN PROGRESS
2020/08/20 13:41:26 --[ rx.COMPLETE 66 100% ]----------
2020/08/20 13:41:26 --[ rx.START    67   0% ]----------
2020/08/20 13:41:26 batch 0 ... 66 COMPLETE
2020/08/20 13:41:26 batch 67 IN PROGRESS
2020/08/20 13:41:39 --[ rx.COMPLETE 67 100% ]----------
2020/08/20 13:41:39 --[ rx.START    68   0% ]----------
2020/08/20 13:41:39 batch 0 ... 67 COMPLETE
2020/08/20 13:41:39 batch 68 IN PROGRESS
2020/08/20 13:41:50 --[ rx.COMPLETE 68 100% ]----------
2020/08/20 13:41:50 --[ rx.START    69   0% ]----------
2020/08/20 13:41:50 batch 0 ... 68 COMPLETE
2020/08/20 13:41:50 batch 69 IN PROGRESS
2020/08/20 13:41:55 =========[ the story so far... ]=============
2020/08/20 13:41:55 batch 0 ... 68 COMPLETE
2020/08/20 13:41:55 batch 69 IN PROGRESS
2020/08/20 13:41:55 connecting to amqp://rmq:sekrit@localhost:25672/...
2020/08/20 13:41:55 opening comms channel...
2020/08/20 13:41:55 RX: receiving messages from rmq-default via rmq-default...
2020/08/20 13:41:58 --[ rx.COMPLETE 69 100% ]----------
2020/08/20 13:41:58 --[ rx.START    70   0% ]----------
2020/08/20 13:41:58 batch 0 ... 69 COMPLETE
2020/08/20 13:41:58 batch 70 IN PROGRESS
2020/08/20 13:42:07 --[ rx.COMPLETE 70 100% ]----------
2020/08/20 13:42:07 --[ rx.START    71   0% ]----------
2020/08/20 13:42:07 batch 0 ... 70 COMPLETE
2020/08/20 13:42:07 batch 71 IN PROGRESS
2020/08/20 13:42:15 --[ rx.COMPLETE 71 100% ]----------
2020/08/20 13:42:15 --[ rx.START    72   0% ]----------
2020/08/20 13:42:15 batch 0 ... 71 COMPLETE
2020/08/20 13:42:15 batch 72 IN PROGRESS
2020/08/20 13:42:24 --[ rx.COMPLETE 72 100% ]----------
2020/08/20 13:42:24 --[ rx.START    73   0% ]----------
2020/08/20 13:42:24 batch 0 ... 72 COMPLETE
2020/08/20 13:42:24 batch 73 IN PROGRESS
2020/08/20 13:42:33 --[ rx.COMPLETE 73 100% ]----------
2020/08/20 13:42:33 --[ rx.START    74   0% ]----------
2020/08/20 13:42:33 batch 0 ... 73 COMPLETE
2020/08/20 13:42:33 batch 74 IN PROGRESS
2020/08/20 13:42:41 --[ rx.COMPLETE 74 100% ]----------
2020/08/20 13:42:41 --[ rx.START    75   0% ]----------
2020/08/20 13:42:41 batch 0 ... 74 COMPLETE
2020/08/20 13:42:41 batch 75 IN PROGRESS
2020/08/20 13:42:50 --[ rx.COMPLETE 75 100% ]----------
2020/08/20 13:42:50 --[ rx.START    76   0% ]----------
2020/08/20 13:42:50 batch 0 ... 75 COMPLETE
2020/08/20 13:42:50 batch 76 IN PROGRESS
2020/08/20 13:42:58 --[ rx.COMPLETE 76 100% ]----------
2020/08/20 13:42:58 --[ rx.START    77   0% ]----------
2020/08/20 13:42:58 batch 0 ... 76 COMPLETE
2020/08/20 13:42:58 batch 77 IN PROGRESS
2020/08/20 13:43:06 --[ rx.COMPLETE 77 100% ]----------
2020/08/20 13:43:06 --[ rx.START    78   0% ]----------
2020/08/20 13:43:06 batch 0 ... 77 COMPLETE
2020/08/20 13:43:06 batch 78 IN PROGRESS
2020/08/20 13:43:14 --[ rx.COMPLETE 78 100% ]----------
2020/08/20 13:43:14 --[ rx.START    79   0% ]----------
2020/08/20 13:43:14 batch 0 ... 78 COMPLETE
2020/08/20 13:43:14 batch 79 IN PROGRESS
2020/08/20 13:43:22 --[ rx.COMPLETE 79 100% ]----------
2020/08/20 13:43:22 --[ rx.START    80   0% ]----------
2020/08/20 13:43:22 batch 0 ... 79 COMPLETE
2020/08/20 13:43:22 batch 80 IN PROGRESS
2020/08/20 13:43:32 --[ rx.COMPLETE 80 100% ]----------
2020/08/20 13:43:32 --[ rx.START    81   0% ]----------
2020/08/20 13:43:32 batch 0 ... 80 COMPLETE
2020/08/20 13:43:32 batch 81 IN PROGRESS
2020/08/20 13:43:41 --[ rx.COMPLETE 81 100% ]----------
2020/08/20 13:43:41 --[ rx.START    82   0% ]----------
2020/08/20 13:43:41 batch 0 ... 81 COMPLETE
2020/08/20 13:43:41 batch 82 IN PROGRESS
2020/08/20 13:43:48 --[ rx.COMPLETE 82 100% ]----------
2020/08/20 13:43:48 --[ rx.START    83   0% ]----------
2020/08/20 13:43:48 batch 0 ... 82 COMPLETE
2020/08/20 13:43:48 batch 83 IN PROGRESS
2020/08/20 13:43:56 --[ rx.COMPLETE 83 100% ]----------
2020/08/20 13:43:56 --[ rx.START    84   0% ]----------
2020/08/20 13:43:56 batch 0 ... 83 COMPLETE
2020/08/20 13:43:56 batch 84 IN PROGRESS
2020/08/20 13:44:04 --[ rx.COMPLETE 84 100% ]----------
2020/08/20 13:44:04 --[ rx.START    85   0% ]----------
2020/08/20 13:44:04 batch 0 ... 84 COMPLETE
2020/08/20 13:44:04 batch 85 IN PROGRESS
2020/08/20 13:44:12 --[ rx.COMPLETE 85 100% ]----------
2020/08/20 13:44:12 --[ rx.START    86   0% ]----------
2020/08/20 13:44:12 batch 0 ... 85 COMPLETE
2020/08/20 13:44:12 batch 86 IN PROGRESS
2020/08/20 13:44:19 --[ rx.COMPLETE 86 100% ]----------
2020/08/20 13:44:19 --[ rx.START    87   0% ]----------
2020/08/20 13:44:19 batch 0 ... 86 COMPLETE
2020/08/20 13:44:19 batch 87 IN PROGRESS
2020/08/20 13:44:27 --[ rx.COMPLETE 87 100% ]----------
2020/08/20 13:44:27 --[ rx.START    88   0% ]----------
2020/08/20 13:44:27 batch 0 ... 87 COMPLETE
2020/08/20 13:44:27 batch 88 IN PROGRESS
2020/08/20 13:44:36 --[ rx.COMPLETE 88 100% ]----------
2020/08/20 13:44:36 --[ rx.START    89   0% ]----------
2020/08/20 13:44:36 batch 0 ... 88 COMPLETE
2020/08/20 13:44:36 batch 89 IN PROGRESS
2020/08/20 13:44:44 --[ rx.COMPLETE 89 100% ]----------
2020/08/20 13:44:44 --[ rx.START    90   0% ]----------
2020/08/20 13:44:44 batch 0 ... 89 COMPLETE
2020/08/20 13:44:44 batch 90 IN PROGRESS
2020/08/20 13:44:52 --[ rx.COMPLETE 90 100% ]----------
2020/08/20 13:44:52 --[ rx.START    91   0% ]----------
2020/08/20 13:44:52 batch 0 ... 90 COMPLETE
2020/08/20 13:44:52 batch 91 IN PROGRESS
2020/08/20 13:44:59 --[ rx.COMPLETE 91 100% ]----------
2020/08/20 13:44:59 --[ rx.START    92   0% ]----------
2020/08/20 13:44:59 batch 0 ... 91 COMPLETE
2020/08/20 13:44:59 batch 92 IN PROGRESS
2020/08/20 13:45:07 --[ rx.COMPLETE 92 100% ]----------
2020/08/20 13:45:07 --[ rx.START    93   0% ]----------
2020/08/20 13:45:07 batch 0 ... 92 COMPLETE
2020/08/20 13:45:07 batch 93 IN PROGRESS
2020/08/20 13:45:16 --[ rx.COMPLETE 93 100% ]----------
2020/08/20 13:45:16 --[ rx.START    94   0% ]----------
2020/08/20 13:45:16 batch 0 ... 93 COMPLETE
2020/08/20 13:45:16 batch 94 IN PROGRESS
2020/08/20 13:45:25 --[ rx.COMPLETE 94 100% ]----------
2020/08/20 13:45:25 --[ rx.START    95   0% ]----------
2020/08/20 13:45:25 batch 0 ... 94 COMPLETE
2020/08/20 13:45:25 batch 95 IN PROGRESS
2020/08/20 13:45:34 --[ rx.COMPLETE 95 100% ]----------
2020/08/20 13:45:34 --[ rx.START    96   0% ]----------
2020/08/20 13:45:34 batch 0 ... 95 COMPLETE
2020/08/20 13:45:34 batch 96 IN PROGRESS
2020/08/20 13:45:43 --[ rx.COMPLETE 96 100% ]----------
2020/08/20 13:45:43 --[ rx.START    97   0% ]----------
2020/08/20 13:45:43 batch 0 ... 96 COMPLETE
2020/08/20 13:45:43 batch 97 IN PROGRESS
2020/08/20 13:45:51 --[ rx.COMPLETE 97 100% ]----------
2020/08/20 13:45:51 --[ rx.START    98   0% ]----------
2020/08/20 13:45:51 batch 0 ... 97 COMPLETE
2020/08/20 13:45:51 batch 98 IN PROGRESS
2020/08/20 13:46:00 --[ rx.COMPLETE 98 100% ]----------
2020/08/20 13:46:00 --[ rx.START    99   0% ]----------
2020/08/20 13:46:00 batch 0 ... 98 COMPLETE
2020/08/20 13:46:00 batch 99 IN PROGRESS
2020/08/20 13:46:08 --[ rx.COMPLETE 99 100% ]----------
2020/08/20 13:46:08 --[ rx.START    100   0% ]----------
2020/08/20 13:46:08 batch 0 ... 99 COMPLETE
2020/08/20 13:46:08 batch 100 IN PROGRESS
2020/08/20 13:46:16 --[ rx.COMPLETE 100 100% ]----------
2020/08/20 13:46:16 --[ rx.START    101   0% ]----------
2020/08/20 13:46:16 batch 0 ... 100 COMPLETE
2020/08/20 13:46:16 batch 101 IN PROGRESS
2020/08/20 13:46:24 --[ rx.COMPLETE 101 100% ]----------
2020/08/20 13:46:24 --[ rx.START    102   0% ]----------
2020/08/20 13:46:24 batch 0 ... 101 COMPLETE
2020/08/20 13:46:24 batch 102 IN PROGRESS
2020/08/20 13:46:32 --[ rx.COMPLETE 102 100% ]----------
2020/08/20 13:46:32 --[ rx.START    103   0% ]----------
2020/08/20 13:46:32 batch 0 ... 102 COMPLETE
2020/08/20 13:46:32 batch 103 IN PROGRESS
2020/08/20 13:46:41 --[ rx.COMPLETE 103 100% ]----------
2020/08/20 13:46:41 --[ rx.START    104   0% ]----------
2020/08/20 13:46:41 batch 0 ... 103 COMPLETE
2020/08/20 13:46:41 batch 104 IN PROGRESS
2020/08/20 13:46:49 --[ rx.COMPLETE 104 100% ]----------
2020/08/20 13:46:49 --[ rx.START    105   0% ]----------
2020/08/20 13:46:49 batch 0 ... 104 COMPLETE
2020/08/20 13:46:49 batch 105 IN PROGRESS
2020/08/20 13:46:57 --[ rx.COMPLETE 105 100% ]----------
2020/08/20 13:46:57 --[ rx.START    106   0% ]----------
2020/08/20 13:46:57 batch 0 ... 105 COMPLETE
2020/08/20 13:46:57 batch 106 IN PROGRESS
2020/08/20 13:47:05 --[ rx.COMPLETE 106 100% ]----------
2020/08/20 13:47:05 --[ rx.START    107   0% ]----------
2020/08/20 13:47:05 batch 0 ... 106 COMPLETE
2020/08/20 13:47:05 batch 107 IN PROGRESS
2020/08/20 13:47:13 --[ rx.COMPLETE 107 100% ]----------
2020/08/20 13:47:13 --[ rx.START    108   0% ]----------
2020/08/20 13:47:13 batch 0 ... 107 COMPLETE
2020/08/20 13:47:13 batch 108 IN PROGRESS
2020/08/20 13:47:21 --[ rx.COMPLETE 108 100% ]----------
2020/08/20 13:47:21 --[ rx.START    109   0% ]----------
2020/08/20 13:47:21 batch 0 ... 108 COMPLETE
2020/08/20 13:47:21 batch 109 IN PROGRESS
2020/08/20 13:47:28 --[ rx.COMPLETE 109 100% ]----------
2020/08/20 13:47:28 --[ rx.START    110   0% ]----------
2020/08/20 13:47:28 batch 0 ... 109 COMPLETE
2020/08/20 13:47:28 batch 110 IN PROGRESS
2020/08/20 13:47:36 --[ rx.COMPLETE 110 100% ]----------
2020/08/20 13:47:36 --[ rx.START    111   0% ]----------
2020/08/20 13:47:36 batch 0 ... 110 COMPLETE
2020/08/20 13:47:36 batch 111 IN PROGRESS
2020/08/20 13:47:45 --[ rx.COMPLETE 111 100% ]----------
2020/08/20 13:47:45 --[ rx.START    112   0% ]----------
2020/08/20 13:47:45 batch 0 ... 111 COMPLETE
2020/08/20 13:47:45 batch 112 IN PROGRESS
2020/08/20 13:47:54 --[ rx.COMPLETE 112 100% ]----------
2020/08/20 13:47:54 --[ rx.START    113   0% ]----------
2020/08/20 13:47:54 batch 0 ... 112 COMPLETE
2020/08/20 13:47:54 batch 113 IN PROGRESS
2020/08/20 13:48:01 --[ rx.COMPLETE 113 100% ]----------
2020/08/20 13:48:01 --[ rx.START    114   0% ]----------
2020/08/20 13:48:01 batch 0 ... 113 COMPLETE
2020/08/20 13:48:01 batch 114 IN PROGRESS
2020/08/20 13:48:10 --[ rx.COMPLETE 114 100% ]----------
2020/08/20 13:48:10 --[ rx.START    115   0% ]----------
2020/08/20 13:48:10 batch 0 ... 114 COMPLETE
2020/08/20 13:48:10 batch 115 IN PROGRESS
2020/08/20 13:48:20 --[ rx.COMPLETE 115 100% ]----------
2020/08/20 13:48:20 --[ rx.START    116   0% ]----------
2020/08/20 13:48:20 batch 0 ... 115 COMPLETE
2020/08/20 13:48:20 batch 116 IN PROGRESS
2020/08/20 13:48:29 --[ rx.COMPLETE 116 100% ]----------
2020/08/20 13:48:29 --[ rx.START    117   0% ]----------
2020/08/20 13:48:29 batch 0 ... 116 COMPLETE
2020/08/20 13:48:29 batch 117 IN PROGRESS
2020/08/20 13:48:38 --[ rx.COMPLETE 117 100% ]----------
2020/08/20 13:48:38 --[ rx.START    118   0% ]----------
2020/08/20 13:48:38 batch 0 ... 117 COMPLETE
2020/08/20 13:48:38 batch 118 IN PROGRESS
2020/08/20 13:48:47 --[ rx.COMPLETE 118 100% ]----------
2020/08/20 13:48:47 --[ rx.START    119   0% ]----------
2020/08/20 13:48:47 batch 0 ... 118 COMPLETE
2020/08/20 13:48:47 batch 119 IN PROGRESS
2020/08/20 13:48:57 --[ rx.COMPLETE 119 100% ]----------
2020/08/20 13:48:57 --[ rx.START    120   0% ]----------
2020/08/20 13:48:57 batch 0 ... 119 COMPLETE
2020/08/20 13:48:57 batch 120 IN PROGRESS
2020/08/20 13:49:05 --[ rx.COMPLETE 120 100% ]----------
2020/08/20 13:49:05 --[ rx.START    121   0% ]----------
2020/08/20 13:49:05 batch 0 ... 120 COMPLETE
2020/08/20 13:49:05 batch 121 IN PROGRESS
2020/08/20 13:49:14 --[ rx.COMPLETE 121 100% ]----------
2020/08/20 13:49:14 batch 0 ... 121 COMPLETE
